<?xml version="1.0" encoding="UTF-8"?>
<testsuite xmlns:xsi="http://www.w3.org/2001/XMLSchema-instance" xsi:noNamespaceSchemaLocation="https://maven.apache.org/surefire/maven-surefire-plugin/xsd/surefire-test-report-3.0.xsd" version="3.0" name="tests.UsuariosTest" time="3.513" tests="3" errors="0" skipped="0" failures="0">
  <properties>
[...]
</properties>
  <testcase name="testCadastrarUsuario" classname="tests.UsuariosTest" time="0.443">
    <system-out><![CDATA[Status Code: 201
Response Body: {
    "message": "Cadastro realizado com sucesso",
    "_id": "kFJ7yqF6Svn0npcq"
}
Usuário criado com ID: kFJ7yqF6Svn0npcq
]]></system-out>
    <system-err><![CDATA[SLF4J: Failed to load class "org.slf4j.impl.StaticLoggerBinder".
SLF4J: Defaulting to no-operation (NOP) logger implementation
SLF4J: See http://www.slf4j.org/codes.html#StaticLoggerBinder for further details.
]]></system-err>
  </testcase>
  <testcase name="testBuscarUsuarioCriado" classname="tests.UsuariosTest" time="0.396">
    <system-out><![CDATA[Status Code: 200
Response Body: {
    "nome": "Fulano da Silva",
    "email": "user_c52274e0@qa.com.br",
    "password": "teste",
    "administrador": "true",
    "_id": "kFJ7yqF6Svn0npcq"
}
]]></system-out>
  </testcase>
  <testcase name="testExcluirUsuarioCriado" classname="tests.UsuariosTest" time="0.36">
    <system-out><![CDATA[Status Code: 200
Response Body: {
    "message": "Registro excluído com sucesso"
}
]]></system-out>
  </testcase>
</testsuite>